Using pre-set license
Built from '2020.3/staging' branch; Version is '2020.3.26f1 (7298b473bc1a) revision 7510196'; Using compiler version '192528614'; Build Type 'Release'
OS: 'Windows 11  (10.0.22000) 64bit CoreSingleLanguage' Language: 'en' Physical Memory: 6005 MB
BatchMode: 1, IsHumanControllingUs: 0, StartBugReporterOnCrash: 0, Is64bit: 1, IsPro: 0

COMMAND LINE ARGUMENTS:
C:\Program Files\Unity\Hub\Editor\2020.3.26f1\Editor\Unity.exe
-adb2
-batchMode
-noUpm
-name
AssetImportWorker0
-projectPath
C:/Users/acool/projects/Rail shooter
-logFile
Logs/AssetImportWorker0.log
-srvPort
56480
Successfully changed project path to: C:/Users/acool/projects/Rail shooter
C:/Users/acool/projects/Rail shooter
Using Asset Import Pipeline V2.
Refreshing native plugins compatible for Editor in 54.69 ms, found 2 plugins.
Preloading 0 native plugins for Editor in 0.00 ms.
Initialize engine version: 2020.3.26f1 (7298b473bc1a)
[Subsystems] Discovering subsystems at path C:/Program Files/Unity/Hub/Editor/2020.3.26f1/Editor/Data/Resources/UnitySubsystems
[Subsystems] Discovering subsystems at path C:/Users/acool/projects/Rail shooter/Assets
GfxDevice: creating device client; threaded=0
Direct3D:
    Version:  Direct3D 11.0 [level 11.1]
    Renderer: AMD Radeon(TM) Graphics (ID=0x164c)
    Vendor:   
    VRAM:     3002 MB
    Driver:   30.0.13014.10001
Initialize mono
Mono path[0] = 'C:/Program Files/Unity/Hub/Editor/2020.3.26f1/Editor/Data/Managed'
Mono path[1] = 'C:/Program Files/Unity/Hub/Editor/2020.3.26f1/Editor/Data/MonoBleedingEdge/lib/mono/unityjit'
Mono config path = 'C:/Program Files/Unity/Hub/Editor/2020.3.26f1/Editor/Data/MonoBleedingEdge/etc'
Using monoOptions --debugger-agent=transport=dt_socket,embedding=1,server=y,suspend=n,address=127.0.0.1:56504
Begin MonoManager ReloadAssembly
Registering precompiled unity dll's ...
Register platform support module: C:/Program Files/Unity/Hub/Editor/2020.3.26f1/Editor/Data/PlaybackEngines/WebGLSupport/UnityEditor.WebGL.Extensions.dll
Register platform support module: C:/Program Files/Unity/Hub/Editor/2020.3.26f1/Editor/Data/PlaybackEngines/WindowsStandaloneSupport/UnityEditor.WindowsStandalone.Extensions.dll
Registered in 0.006389 seconds.
Native extension for WindowsStandalone target not found
Native extension for WebGL target not found
Refreshing native plugins compatible for Editor in 44.29 ms, found 2 plugins.
Preloading 0 native plugins for Editor in 0.00 ms.
Mono: successfully reloaded assembly
- Completed reload, in  0.620 seconds
Domain Reload Profiling:
	ReloadAssembly (620ms)
		BeginReloadAssembly (78ms)
			ExecutionOrderSort (0ms)
			DisableScriptedObjects (0ms)
			BackupInstance (0ms)
			ReleaseScriptingObjects (0ms)
			CreateAndSetChildDomain (1ms)
		EndReloadAssembly (447ms)
			LoadAssemblies (75ms)
			RebuildTransferFunctionScriptingTraits (0ms)
			SetupTypeCache (143ms)
			ReleaseScriptCaches (0ms)
			RebuildScriptCaches (32ms)
			SetupLoadedEditorAssemblies (175ms)
				LogAssemblyErrors (0ms)
				InitializePlatformSupportModulesInManaged (6ms)
				SetLoadedEditorAssemblies (0ms)
				RefreshPlugins (44ms)
				BeforeProcessingInitializeOnLoad (12ms)
				ProcessInitializeOnLoadAttributes (85ms)
				ProcessInitializeOnLoadMethodAttributes (27ms)
				AfterProcessingInitializeOnLoad (0ms)
				EditorAssembliesLoaded (0ms)
			ExecutionOrderSort2 (0ms)
			AwakeInstancesAfterBackupRestoration (0ms)
Platform modules already initialized, skipping
Registering precompiled user dll's ...
Registered in 0.016416 seconds.
Begin MonoManager ReloadAssembly
Native extension for WindowsStandalone target not found
Native extension for WebGL target not found
Refreshing native plugins compatible for Editor in 47.26 ms, found 2 plugins.
Preloading 0 native plugins for Editor in 0.00 ms.
Mono: successfully reloaded assembly
- Completed reload, in  1.600 seconds
Domain Reload Profiling:
	ReloadAssembly (1602ms)
		BeginReloadAssembly (155ms)
			ExecutionOrderSort (0ms)
			DisableScriptedObjects (5ms)
			BackupInstance (0ms)
			ReleaseScriptingObjects (0ms)
			CreateAndSetChildDomain (27ms)
		EndReloadAssembly (1372ms)
			LoadAssemblies (144ms)
			RebuildTransferFunctionScriptingTraits (0ms)
			SetupTypeCache (302ms)
			ReleaseScriptCaches (1ms)
			RebuildScriptCaches (50ms)
			SetupLoadedEditorAssemblies (763ms)
				LogAssemblyErrors (0ms)
				InitializePlatformSupportModulesInManaged (5ms)
				SetLoadedEditorAssemblies (0ms)
				RefreshPlugins (47ms)
				BeforeProcessingInitializeOnLoad (82ms)
				ProcessInitializeOnLoadAttributes (608ms)
				ProcessInitializeOnLoadMethodAttributes (11ms)
				AfterProcessingInitializeOnLoad (8ms)
				EditorAssembliesLoaded (1ms)
			ExecutionOrderSort2 (0ms)
			AwakeInstancesAfterBackupRestoration (6ms)
Platform modules already initialized, skipping
========================================================================
Worker process is ready to serve import requests
Launched and connected shader compiler UnityShaderCompiler.exe after 0.07 seconds
Refreshing native plugins compatible for Editor in 0.72 ms, found 2 plugins.
Preloading 0 native plugins for Editor in 0.00 ms.
Unloading 2083 Unused Serialized files (Serialized files now loaded: 0)
System memory in use before: 118.7 MB.
System memory in use after: 118.7 MB.

Unloading 33 unused Assets to reduce memory usage. Loaded Objects now: 2553.
Total: 4.233700 ms (FindLiveObjects: 0.276300 ms CreateObjectMapping: 0.126700 ms MarkObjects: 3.630900 ms  DeleteObjects: 0.197200 ms)

AssetImportParameters requested are different than current active one (requested -> active):
  custom:framework-win-MediaFoundation: 216162199b28c13a410421893ffa2e32 -> 
  custom:video-decoder-ogg-theora: a1e56fd34408186e4bbccfd4996cb3dc -> 
  custom:container-muxer-webm: aa71ff27fc2769a1b78a27578f13a17b -> 
  custom:container-demuxer-webm: 4f35f7cbe854078d1ac9338744f61a02 -> 
  custom:container-demuxer-ogg: 62fdf1f143b41e24485cea50d1cbac27 -> 
  custom:video-encoder-webm-vp8: eb34c28f22e8b96e1ab97ce403110664 -> 
  custom:video-codec-MediaFoundation-h265: 746d11721c4dcdbdad8f713fa42b33f4 -> 
  custom:video-decoder-webm-vp8: 9c59270c3fd7afecdb556c50c9e8de78 -> 
  custom:audio-decoder-ogg-vorbis: bf7c407c2cedff20999df2af8eb42d56 -> 
  custom:audio-encoder-webm-vorbis: bf7c407c2cedff20999df2af8eb42d56 -> 
========================================================================
Received Import Request.
  path: Assets/External Assets/ClassicSpace/Textures/back-classicspace.tif
  artifactKey: Guid(068c76c6e61a66946aa267bc14671114) Importer(815301076,1909f56bfc062723c751e8b465ee728b)
Start importing Assets/External Assets/ClassicSpace/Textures/back-classicspace.tif using Guid(068c76c6e61a66946aa267bc14671114) Importer(815301076,1909f56bfc062723c751e8b465ee728b)  -> (artifact id: '2c4dea8d0d29c6f9eb27e25bbacdc68a') in 0.105241 seconds 
  Import took 0.111930 seconds .

========================================================================
Received Import Request.
  Time since last request: 0.000516 seconds.
  path: Assets/External Assets/ClassicSpace/Textures/left-classicspace.tif
  artifactKey: Guid(48211eec21fc5834fbfe8b8020880a04) Importer(815301076,1909f56bfc062723c751e8b465ee728b)
Start importing Assets/External Assets/ClassicSpace/Textures/left-classicspace.tif using Guid(48211eec21fc5834fbfe8b8020880a04) Importer(815301076,1909f56bfc062723c751e8b465ee728b)  -> (artifact id: '8067f75113a2942b3735546b4ef22c4b') in 0.014960 seconds 
  Import took 0.019692 seconds .

========================================================================
Received Import Request.
  Time since last request: 0.000355 seconds.
  path: Assets/External Assets/ClassicSpace/Material
  artifactKey: Guid(ded985479ca70fa489098443bc2d8ad2) Importer(815301076,1909f56bfc062723c751e8b465ee728b)
Start importing Assets/External Assets/ClassicSpace/Material using Guid(ded985479ca70fa489098443bc2d8ad2) Importer(815301076,1909f56bfc062723c751e8b465ee728b)  -> (artifact id: '63b730dd66b607ea8f329a9bf36d7e6f') in 0.003485 seconds 
  Import took 0.008617 seconds .

========================================================================
Received Import Request.
  Time since last request: 0.000349 seconds.
  path: Assets/External Assets/ClassicSpace/Textures/front-classicspace.tif
  artifactKey: Guid(0b12053352f8ff54b882e3c4ac562c71) Importer(815301076,1909f56bfc062723c751e8b465ee728b)
Start importing Assets/External Assets/ClassicSpace/Textures/front-classicspace.tif using Guid(0b12053352f8ff54b882e3c4ac562c71) Importer(815301076,1909f56bfc062723c751e8b465ee728b)  -> (artifact id: '686cbf6aba06cf9e57a9577253ab40b2') in 0.012514 seconds 
  Import took 0.016886 seconds .

========================================================================
Received Import Request.
  Time since last request: 0.000342 seconds.
  path: Assets/External Assets/ClassicSpace/Textures/right-classicspace.tif
  artifactKey: Guid(53228af3de13b9840bdda175cf6cc634) Importer(815301076,1909f56bfc062723c751e8b465ee728b)
Start importing Assets/External Assets/ClassicSpace/Textures/right-classicspace.tif using Guid(53228af3de13b9840bdda175cf6cc634) Importer(815301076,1909f56bfc062723c751e8b465ee728b)  -> (artifact id: '7913434e596de0b89efee82948890870') in 0.011764 seconds 
  Import took 0.015826 seconds .

========================================================================
Received Import Request.
  Time since last request: 0.000344 seconds.
  path: Assets/External Assets/ClassicSpace/Material/ClassicSpaceMaterial.mat
  artifactKey: Guid(9803600998c48b140b2f7038d0fc2eb1) Importer(815301076,1909f56bfc062723c751e8b465ee728b)
Start importing Assets/External Assets/ClassicSpace/Material/ClassicSpaceMaterial.mat using Guid(9803600998c48b140b2f7038d0fc2eb1) Importer(815301076,1909f56bfc062723c751e8b465ee728b)  -> (artifact id: '5c65cd714211dafbd4df13a4c0e10ef7') in 0.126683 seconds 
  Import took 0.131339 seconds .

========================================================================
Received Import Request.
  Time since last request: 0.000364 seconds.
  path: Assets/External Assets/ClassicSpace/Textures/down-classicspace.tif
  artifactKey: Guid(b19f54d22ad19b047b7bb4c0fb54093c) Importer(815301076,1909f56bfc062723c751e8b465ee728b)
Start importing Assets/External Assets/ClassicSpace/Textures/down-classicspace.tif using Guid(b19f54d22ad19b047b7bb4c0fb54093c) Importer(815301076,1909f56bfc062723c751e8b465ee728b)  -> (artifact id: 'dff48ad8ded5476b84ec4a3c5ca8cbb3') in 0.014306 seconds 
  Import took 0.019872 seconds .

========================================================================
Received Import Request.
  Time since last request: 0.000301 seconds.
  path: Assets/External Assets/ClassicSpace/Textures/up-classicspace.tif
  artifactKey: Guid(5ff004ce4abb286449fab0c100f67371) Importer(815301076,1909f56bfc062723c751e8b465ee728b)
Start importing Assets/External Assets/ClassicSpace/Textures/up-classicspace.tif using Guid(5ff004ce4abb286449fab0c100f67371) Importer(815301076,1909f56bfc062723c751e8b465ee728b)  -> (artifact id: '63022c4b1ca4e115935cd33ddaaab4f0') in 0.011898 seconds 
  Import took 0.016101 seconds .

========================================================================
Received Prepare
Registering precompiled user dll's ...
Registered in 0.006704 seconds.
Begin MonoManager ReloadAssembly
Native extension for WindowsStandalone target not found
Native extension for WebGL target not found
Refreshing native plugins compatible for Editor in 0.85 ms, found 2 plugins.
Preloading 0 native plugins for Editor in 0.00 ms.
Mono: successfully reloaded assembly
- Completed reload, in  1.408 seconds
Domain Reload Profiling:
	ReloadAssembly (1409ms)
		BeginReloadAssembly (150ms)
			ExecutionOrderSort (0ms)
			DisableScriptedObjects (4ms)
			BackupInstance (0ms)
			ReleaseScriptingObjects (0ms)
			CreateAndSetChildDomain (48ms)
		EndReloadAssembly (1187ms)
			LoadAssemblies (116ms)
			RebuildTransferFunctionScriptingTraits (0ms)
			SetupTypeCache (320ms)
			ReleaseScriptCaches (1ms)
			RebuildScriptCaches (40ms)
			SetupLoadedEditorAssemblies (627ms)
				LogAssemblyErrors (0ms)
				InitializePlatformSupportModulesInManaged (5ms)
				SetLoadedEditorAssemblies (0ms)
				RefreshPlugins (1ms)
				BeforeProcessingInitializeOnLoad (95ms)
				ProcessInitializeOnLoadAttributes (509ms)
				ProcessInitializeOnLoadMethodAttributes (7ms)
				AfterProcessingInitializeOnLoad (8ms)
				EditorAssembliesLoaded (0ms)
			ExecutionOrderSort2 (0ms)
			AwakeInstancesAfterBackupRestoration (7ms)
Platform modules already initialized, skipping
Refreshing native plugins compatible for Editor in 0.54 ms, found 2 plugins.
Preloading 0 native plugins for Editor in 0.00 ms.
Unloading 2026 Unused Serialized files (Serialized files now loaded: 0)
System memory in use before: 117.0 MB.
System memory in use after: 117.0 MB.

Unloading 17 unused Assets to reduce memory usage. Loaded Objects now: 2597.
Total: 5.149200 ms (FindLiveObjects: 0.265800 ms CreateObjectMapping: 0.096800 ms MarkObjects: 4.609200 ms  DeleteObjects: 0.175800 ms)

AssetImportParameters requested are different than current active one (requested -> active):
  custom:framework-win-MediaFoundation: 216162199b28c13a410421893ffa2e32 -> 
  custom:video-decoder-ogg-theora: a1e56fd34408186e4bbccfd4996cb3dc -> 
  custom:container-muxer-webm: aa71ff27fc2769a1b78a27578f13a17b -> 
  custom:container-demuxer-webm: 4f35f7cbe854078d1ac9338744f61a02 -> 
  custom:container-demuxer-ogg: 62fdf1f143b41e24485cea50d1cbac27 -> 
  custom:video-encoder-webm-vp8: eb34c28f22e8b96e1ab97ce403110664 -> 
  custom:video-codec-MediaFoundation-h265: 746d11721c4dcdbdad8f713fa42b33f4 -> 
  custom:video-decoder-webm-vp8: 9c59270c3fd7afecdb556c50c9e8de78 -> 
  custom:audio-decoder-ogg-vorbis: bf7c407c2cedff20999df2af8eb42d56 -> 
  custom:audio-encoder-webm-vorbis: bf7c407c2cedff20999df2af8eb42d56 -> 
========================================================================
Received Import Request.
  Time since last request: 65.216401 seconds.
  path: Assets/Prefab/Music Player.prefab
  artifactKey: Guid(45dba4f5299d4084bbccd2f9960810f8) Importer(815301076,1909f56bfc062723c751e8b465ee728b)
Start importing Assets/Prefab/Music Player.prefab using Guid(45dba4f5299d4084bbccd2f9960810f8) Importer(815301076,1909f56bfc062723c751e8b465ee728b)  -> (artifact id: '36414a59a4ef154764c9aba3d2bc62e3') in 0.040961 seconds 
  Import took 0.047057 seconds .

AssetImportWorkerClient::OnTransportError - code=2 error=End of file
